[35m[Appium][39m Welcome to Appium v1.22.3
[35m[Appium][39m Non-default server args:
[35m[Appium][39m   port: 55166
[35m[Appium][39m   loglevel: info
[35m[Appium][39m   tmpDir: C:\Users\yudika\AppData\Local\Temp\\Katalon\Appium\Temp1698591229685
[35m[Appium][39m   chromedriverPort: 55167
[35m[Appium][39m Deprecated server args:
[35m[Appium][39m   [31m--chromedriver-port[39m => --default-capabilities
[35m[Appium][39m Default capabilities, which will be added to each request unless overridden by desired capabilities:
[35m[Appium][39m   chromedriverPort: 55167
[35m[Appium][39m Appium REST http interface listener started on 0.0.0.0:55166
[35m[HTTP][39m [37m-->[39m [37mGET[39m [37m/wd/hub/status[39m
[35m[HTTP][39m [90m{}[39m
[35m[HTTP][39m [37m<-- GET /wd/hub/status [39m[32m200[39m [90m5 ms - 68[39m
[35m[HTTP][39m [90m[39m
[35m[HTTP][39m [37m-->[39m [37mGET[39m [37m/wd/hub/status[39m
[35m[HTTP][39m [90m{}[39m
[35m[HTTP][39m [37m<-- GET /wd/hub/status [39m[32m200[39m [90m1 ms - 68[39m
[35m[HTTP][39m [90m[39m
[35m[HTTP][39m [37m-->[39m [37mPOST[39m [37m/wd/hub/session[39m
[35m[HTTP][39m [90m{"desiredCapabilities":{"appActivity":".Settings","appPackage":"com.android.settings","newCommandTimeout":1800,"platformVersion":"10","automationName":"uiautomator2","autoGrantPermissions":true,"platformName":"Android","udid":"emulator-5554","deviceName":"emulator-5554 (Android SDK built for x86 - Android 10)","platform":"ANDROID","systemPort":8294},"capabilities":{"firstMatch":[{"appium:appActivity":".Settings","appium:appPackage":"com.android.settings","appium:autoGrantPermissions":true,"appium:automationName":"uiautomator2","appium:deviceName":"emulator-5554 (Android SDK built for x86 - Android 10)","appium:newCommandTimeout":1800,"platform":"ANDROID","platformName":"android","appium:platformVersion":"10","appium:systemPort":8294,"appium:udid":"emulator-5554"}]}}[39m
[35m[BaseDriver][39m The following capabilities are not standard capabilities and should have an extension prefix:
[35m[BaseDriver][39m   platform
[35m[BaseDriver][39m   chromedriverPort
[35m[Appium][39m Appium v1.22.3 creating new AndroidUiautomator2Driver (v1.70.1) session
[35m[BaseDriver][39m The following capabilities were provided, but are not recognized by Appium:
[35m[BaseDriver][39m   platform
[35m[BaseDriver][39m Session created with session id: 98285688-fa84-4dd0-b5b5-2e67990e22a3
[35m[UiAutomator2][39m Starting 'com.android.settings' directly on the device
[35m[ADB][39m Found 1 'build-tools' folders under 'C:\Users\yudika\AppData\Local\Android\Sdk' (newest first):
[35m[ADB][39m     C:/Users/yudika/AppData/Local/Android/Sdk/build-tools/34.0.0
[35m[ADB][39m Using 'adb.exe' from 'C:\Users\yudika\AppData\Local\Android\Sdk\platform-tools\adb.exe'
[35m[AndroidDriver][39m Retrieving device list
[35m[AndroidDriver][39m Using device: emulator-5554
[35m[ADB][39m Using 'adb.exe' from 'C:\Users\yudika\AppData\Local\Android\Sdk\platform-tools\adb.exe'
[35m[ADB][39m Getting device platform version
[35m[UiAutomator2][39m Relaxing hidden api policy
[35m[AndroidDriver][39m No app sent in, not parsing package/activity
[35m[ADB][39m Using 'apksigner.jar' from 'C:\Users\yudika\AppData\Local\Android\Sdk\build-tools\34.0.0\lib\apksigner.jar'
[35m[ADB][39m 'C:\Users\yudika\AppData\Roaming\npm\node_modules\appium\node_modules\appium-uiautomator2-server\apks\appium-uiautomator2-server-v4.27.0.apk' is signed with the default certificate
[35m[ADB][39m 'C:\Users\yudika\AppData\Roaming\npm\node_modules\appium\node_modules\appium-uiautomator2-server\apks\appium-uiautomator2-server-debug-androidTest.apk' is signed with the default certificate
[35m[UiAutomator2][39m Server packages are not going to be (re)installed
[35m[ADB][39m Adding packages ["io.appium.settings","io.appium.uiautomator2.server","io.appium.uiautomator2.server.test"] to Doze whitelist
[35m[UiAutomator2][39m Starting UIAutomator2 server 4.27.0
[35m[UiAutomator2][39m Using UIAutomator2 server from 'C:\Users\yudika\AppData\Roaming\npm\node_modules\appium\node_modules\appium-uiautomator2-server\apks\appium-uiautomator2-server-v4.27.0.apk' and test from 'C:\Users\yudika\AppData\Roaming\npm\node_modules\appium\node_modules\appium-uiautomator2-server\apks\appium-uiautomator2-server-debug-androidTest.apk'
[35m[UiAutomator2][39m Waiting up to 30000ms for UiAutomator2 to be online...
[35m[WD Proxy][39m socket hang up
[35m[WD Proxy][39m socket hang up
[35m[WD Proxy][39m socket hang up
[35m[WD Proxy][39m socket hang up
[35m[WD Proxy][39m Determined the downstream protocol as 'W3C'
[35m[AndroidDriver][39m Screen already unlocked, doing nothing
[35m[UiAutomator2][39m Starting 'com.android.settings/.Settings and waiting for 'com.android.settings/.Settings'
[35m[Appium][39m New AndroidUiautomator2Driver session created successfully, session 98285688-fa84-4dd0-b5b5-2e67990e22a3 added to master session list
[35m[HTTP][39m [37m<-- POST /wd/hub/session [39m[32m200[39m [90m9688 ms - 1208[39m
[35m[HTTP][39m [90m[39m
[35m[HTTP][39m [37m-->[39m [37mGET[39m [37m/wd/hub/session/98285688-fa84-4dd0-b5b5-2e67990e22a3[39m
[35m[HTTP][39m [90m{}[39m
[35m[HTTP][39m [37m<-- GET /wd/hub/session/98285688-fa84-4dd0-b5b5-2e67990e22a3 [39m[32m200[39m [90m14 ms - 1162[39m
[35m[HTTP][39m [90m[39m
[35m[HTTP][39m [37m-->[39m [37mGET[39m [37m/wd/hub/session/98285688-fa84-4dd0-b5b5-2e67990e22a3[39m
[35m[HTTP][39m [90m{}[39m
[35m[HTTP][39m [37m<-- GET /wd/hub/session/98285688-fa84-4dd0-b5b5-2e67990e22a3 [39m[32m200[39m [90m11 ms - 1162[39m
[35m[HTTP][39m [90m[39m
[35m[HTTP][39m [37m-->[39m [37mGET[39m [37m/wd/hub/status[39m
[35m[HTTP][39m [90m{}[39m
[35m[HTTP][39m [37m<-- GET /wd/hub/status [39m[32m200[39m [90m1 ms - 68[39m
[35m[HTTP][39m [90m[39m
[35m[HTTP][39m [37m-->[39m [37mPOST[39m [37m/wd/hub/session/98285688-fa84-4dd0-b5b5-2e67990e22a3/timeouts[39m
[35m[HTTP][39m [90m{"implicit":60000}[39m
[35m[HTTP][39m [37m<-- POST /wd/hub/session/98285688-fa84-4dd0-b5b5-2e67990e22a3/timeouts [39m[32m200[39m [90m3 ms - 14[39m
[35m[HTTP][39m [90m[39m
[35m[HTTP][39m [37m-->[39m [37mGET[39m [37m/wd/hub/session/98285688-fa84-4dd0-b5b5-2e67990e22a3/screenshot[39m
[35m[HTTP][39m [90m{}[39m
[35m[HTTP][39m [37m<-- GET /wd/hub/session/98285688-fa84-4dd0-b5b5-2e67990e22a3/screenshot [39m[32m200[39m [90m1702 ms - 131250[39m
[35m[HTTP][39m [90m[39m
[35m[HTTP][39m [37m-->[39m [37mGET[39m [37m/wd/hub/session/98285688-fa84-4dd0-b5b5-2e67990e22a3/window/rect[39m
[35m[HTTP][39m [90m{}[39m
[35m[HTTP][39m [37m<-- GET /wd/hub/session/98285688-fa84-4dd0-b5b5-2e67990e22a3/window/rect [39m[32m200[39m [90m21 ms - 50[39m
[35m[HTTP][39m [90m[39m
[35m[HTTP][39m [37m-->[39m [37mGET[39m [37m/wd/hub/session/98285688-fa84-4dd0-b5b5-2e67990e22a3/appium/device/system_bars[39m
[35m[HTTP][39m [90m{}[39m
[35m[HTTP][39m [37m<-- GET /wd/hub/session/98285688-fa84-4dd0-b5b5-2e67990e22a3/appium/device/system_bars [39m[32m200[39m [90m127 ms - 149[39m
[35m[HTTP][39m [90m[39m
[35m[HTTP][39m [37m-->[39m [37mPOST[39m [37m/wd/hub/session/98285688-fa84-4dd0-b5b5-2e67990e22a3/appium/device/activate_app[39m
[35m[HTTP][39m [90m{"bundleId":"com.example.shopping_list"}[39m
[35m[HTTP][39m [37m<-- POST /wd/hub/session/98285688-fa84-4dd0-b5b5-2e67990e22a3/appium/device/activate_app [39m[32m200[39m [90m652 ms - 14[39m
[35m[HTTP][39m [90m[39m
[35m[HTTP][39m [37m-->[39m [37mGET[39m [37m/wd/hub/session/98285688-fa84-4dd0-b5b5-2e67990e22a3/source[39m
[35m[HTTP][39m [90m{}[39m
[35m[W3C (98285688)][39m Driver proxy active, passing request on via HTTP proxy
[35m[WD Proxy][39m Replacing sessionId c231983b-6e7d-41dd-912e-e34ed3e888db with 98285688-fa84-4dd0-b5b5-2e67990e22a3
[35m[HTTP][39m [37m<-- GET /wd/hub/session/98285688-fa84-4dd0-b5b5-2e67990e22a3/source [39m[32m200[39m [90m825 ms - 7459[39m
[35m[HTTP][39m [90m[39m
[35m[HTTP][39m [37m-->[39m [37mGET[39m [37m/wd/hub/session/98285688-fa84-4dd0-b5b5-2e67990e22a3/screenshot[39m
[35m[HTTP][39m [90m{}[39m
[35m[HTTP][39m [37m<-- GET /wd/hub/session/98285688-fa84-4dd0-b5b5-2e67990e22a3/screenshot [39m[32m200[39m [90m333 ms - 79010[39m
[35m[HTTP][39m [90m[39m
[35m[HTTP][39m [37m-->[39m [37mPOST[39m [37m/wd/hub/session/98285688-fa84-4dd0-b5b5-2e67990e22a3/elements[39m
[35m[HTTP][39m [90m{"using":"xpath","value":"//*[@class = 'android.widget.EditText' and (@text = 'Name' or . = 'Name') and @resource-id = '']"}[39m
[35m[HTTP][39m [37m<-- POST /wd/hub/session/98285688-fa84-4dd0-b5b5-2e67990e22a3/elements [39m[32m200[39m [90m446 ms - 139[39m
[35m[HTTP][39m [90m[39m
[35m[HTTP][39m [37m-->[39m [37mGET[39m [37m/wd/hub/session/98285688-fa84-4dd0-b5b5-2e67990e22a3/window/rect[39m
[35m[HTTP][39m [90m{}[39m
[35m[HTTP][39m [37m<-- GET /wd/hub/session/98285688-fa84-4dd0-b5b5-2e67990e22a3/window/rect [39m[32m200[39m [90m13 ms - 50[39m
[35m[HTTP][39m [90m[39m
[35m[HTTP][39m [37m-->[39m [37mPOST[39m [37m/wd/hub/session/98285688-fa84-4dd0-b5b5-2e67990e22a3/elements[39m
[35m[HTTP][39m [90m{"using":"xpath","value":"//*[@class = 'android.widget.EditText' and (@text = 'Name' or . = 'Name') and @resource-id = '']"}[39m
[35m[HTTP][39m [37m<-- POST /wd/hub/session/98285688-fa84-4dd0-b5b5-2e67990e22a3/elements [39m[32m200[39m [90m68 ms - 139[39m
[35m[HTTP][39m [90m[39m
[35m[HTTP][39m [37m-->[39m [37mGET[39m [37m/wd/hub/session/98285688-fa84-4dd0-b5b5-2e67990e22a3/element/00000000-0000-0130-0000-002800000003/location[39m
[35m[HTTP][39m [90m{}[39m
[35m[W3C (98285688)][39m Driver proxy active, passing request on via HTTP proxy
[35m[WD Proxy][39m Replacing sessionId c231983b-6e7d-41dd-912e-e34ed3e888db with 98285688-fa84-4dd0-b5b5-2e67990e22a3
[35m[HTTP][39m [37m<-- GET /wd/hub/session/98285688-fa84-4dd0-b5b5-2e67990e22a3/element/00000000-0000-0130-0000-002800000003/location [39m[32m200[39m [90m16 ms - 77[39m
[35m[HTTP][39m [90m[39m
[35m[HTTP][39m [37m-->[39m [37mPOST[39m [37m/wd/hub/session/98285688-fa84-4dd0-b5b5-2e67990e22a3/element/00000000-0000-0130-0000-002800000003/click[39m
[35m[HTTP][39m [90m{"id":"00000000-0000-0130-0000-002800000003"}[39m
[35m[HTTP][39m [37m<-- POST /wd/hub/session/98285688-fa84-4dd0-b5b5-2e67990e22a3/element/00000000-0000-0130-0000-002800000003/click [39m[32m200[39m [90m58 ms - 14[39m
[35m[HTTP][39m [90m[39m
[35m[HTTP][39m [37m-->[39m [37mGET[39m [37m/wd/hub/session/98285688-fa84-4dd0-b5b5-2e67990e22a3/source[39m
[35m[HTTP][39m [90m{}[39m
[35m[W3C (98285688)][39m Driver proxy active, passing request on via HTTP proxy
[35m[WD Proxy][39m Replacing sessionId c231983b-6e7d-41dd-912e-e34ed3e888db with 98285688-fa84-4dd0-b5b5-2e67990e22a3
[35m[HTTP][39m [37m<-- GET /wd/hub/session/98285688-fa84-4dd0-b5b5-2e67990e22a3/source [39m[32m200[39m [90m330 ms - 7457[39m
[35m[HTTP][39m [90m[39m
[35m[HTTP][39m [37m-->[39m [37mGET[39m [37m/wd/hub/session/98285688-fa84-4dd0-b5b5-2e67990e22a3/screenshot[39m
[35m[HTTP][39m [90m{}[39m
[35m[HTTP][39m [37m<-- GET /wd/hub/session/98285688-fa84-4dd0-b5b5-2e67990e22a3/screenshot [39m[32m200[39m [90m318 ms - 159748[39m
[35m[HTTP][39m [90m[39m
[35m[HTTP][39m [37m-->[39m [37mDELETE[39m [37m/wd/hub/session/98285688-fa84-4dd0-b5b5-2e67990e22a3[39m
[35m[HTTP][39m [90m{}[39m
[35m[Appium][39m Removing session 98285688-fa84-4dd0-b5b5-2e67990e22a3 from our master session list
[35m[UiAutomator2][39m Restoring hidden api policy to the device default configuration
[35m[HTTP][39m [37m<-- DELETE /wd/hub/session/98285688-fa84-4dd0-b5b5-2e67990e22a3 [39m[32m200[39m [90m212 ms - 14[39m
[35m[HTTP][39m [90m[39m
